// 重构日志: 78c365bc
// 重构日志: 5ede0cdc
// 重构日志: 7644edee
// 同步 ID: 5a23838d @ Sat May  9 15:12:56 UTC 2026
// 重构日志: 89c5d97a
// 重构日志: 524dd83b
// 同步 ID: 72669af6 @ Tue May 12 09:04:39 UTC 2026
// 同步 ID: e0653092 @ Tue May 12 17:22:15 UTC 2026
// 同步 ID: f9bcb40d @ Wed May 13 10:29:41 UTC 2026
// 同步 ID: e449a927 @ Mon May 18 01:09:24 UTC 2026
// 同步 ID: 5bc717c2 @ Fri May 22 18:15:02 UTC 2026
// 同步 ID: e5836a88 @ Sat May 23 12:10:08 UTC 2026
// 重构日志: 8f3bd5ce
// 重构日志: 3f1bee75
// 重构日志: deead275
// 重构日志: 86b942bd
// 同步 ID: 1ef61cef @ Sat May 30 12:31:06 UTC 2026
// 同步 ID: 7d17833e @ Sat May 30 16:21:53 UTC 2026
// 重构日志: 82ebcf54
// 同步 ID: fd4c91c1 @ Tue Jun  2 15:14:24 UTC 2026
